0 info it worked if it ends with ok
1 verbose cli [ '/usr/bin/nodejs', '/usr/bin/npm', 'run', 'orm-gen' ]
2 info using npm@3.5.2
3 info using node@v4.2.6
4 verbose run-script [ 'preorm-gen', 'orm-gen', 'postorm-gen' ]
5 info lifecycle EcclesiaCRM@2.9.3~preorm-gen: EcclesiaCRM@2.9.3
6 silly lifecycle EcclesiaCRM@2.9.3~preorm-gen: no script for preorm-gen, continuing
7 info lifecycle EcclesiaCRM@2.9.3~orm-gen: EcclesiaCRM@2.9.3
8 verbose lifecycle EcclesiaCRM@2.9.3~orm-gen: unsafe-perm in lifecycle true
9 verbose lifecycle EcclesiaCRM@2.9.3~orm-gen: PATH: /usr/share/npm/bin/node-gyp-bin:/var/www/html_old/CRM/node_modules/.bin:/usr/local/narwhal/bin:/usr/local/sbin:/usr/local/bin:/usr/sbin:/usr/bin:/sbin:/bin:/usr/games:/usr/local/games:/snap/bin:/var/www/html_old/vendor/bin/
10 verbose lifecycle EcclesiaCRM@2.9.3~orm-gen: CWD: /var/www/html_old/CRM
11 silly lifecycle EcclesiaCRM@2.9.3~orm-gen: Args: [ '-c',
11 silly lifecycle   'src/vendor/propel/propel/bin/propel --config-dir=propel model:build && cd src/ && composer dump-autoload' ]
12 silly lifecycle EcclesiaCRM@2.9.3~orm-gen: Returned: code: 126  signal: null
13 info lifecycle EcclesiaCRM@2.9.3~orm-gen: Failed to exec orm-gen script
14 verbose stack Error: EcclesiaCRM@2.9.3 orm-gen: `src/vendor/propel/propel/bin/propel --config-dir=propel model:build && cd src/ && composer dump-autoload`
14 verbose stack Exit status 126
14 verbose stack     at EventEmitter.<anonymous> (/usr/share/npm/lib/utils/lifecycle.js:232:16)
14 verbose stack     at emitTwo (events.js:87:13)
14 verbose stack     at EventEmitter.emit (events.js:172:7)
14 verbose stack     at ChildProcess.<anonymous> (/usr/share/npm/lib/utils/spawn.js:24:14)
14 verbose stack     at emitTwo (events.js:87:13)
14 verbose stack     at ChildProcess.emit (events.js:172:7)
14 verbose stack     at maybeClose (internal/child_process.js:821:16)
14 verbose stack     at Process.ChildProcess._handle.onexit (internal/child_process.js:211:5)
15 verbose pkgid EcclesiaCRM@2.9.3
16 verbose cwd /var/www/html_old/CRM/src
17 error Linux 4.4.0-104-generic
18 error argv "/usr/bin/nodejs" "/usr/bin/npm" "run" "orm-gen"
19 error node v4.2.6
20 error npm  v3.5.2
21 error code ELIFECYCLE
22 error EcclesiaCRM@2.9.3 orm-gen: `src/vendor/propel/propel/bin/propel --config-dir=propel model:build && cd src/ && composer dump-autoload`
22 error Exit status 126
23 error Failed at the EcclesiaCRM@2.9.3 orm-gen script 'src/vendor/propel/propel/bin/propel --config-dir=propel model:build && cd src/ && composer dump-autoload'.
23 error Make sure you have the latest version of node.js and npm installed.
23 error If you do, this is most likely a problem with the EcclesiaCRM package,
23 error not with npm itself.
23 error Tell the author that this fails on your system:
23 error     src/vendor/propel/propel/bin/propel --config-dir=propel model:build && cd src/ && composer dump-autoload
23 error You can get information on how to open an issue for this project with:
23 error     npm bugs EcclesiaCRM
23 error Or if that isn't available, you can get their info via:
23 error     npm owner ls EcclesiaCRM
23 error There is likely additional logging output above.
24 verbose exit [ 1, true ]
